Using pre-set license
Built from '2021.1/staging' branch; Version is '2021.1.6f1 (c0fade0cc7e9) revision 12647134'; Using compiler version '192528614'; Build Type 'Release'
OS: 'Windows 10 Pro; OS build 19042.985; Version 2009; 64bit' Language: 'en' Physical Memory: 7734 MB
BatchMode: 1, IsHumanControllingUs: 0, StartBugReporterOnCrash: 0, Is64bit: 1, IsPro: 0

 COMMAND LINE ARGUMENTS:
C:\Program Files\Unity\Hub\Editor\2021.1.6f1\Editor\Unity.exe
-adb2
-batchMode
-noUpm
-name
AssetImportWorker0
-projectPath
C:/Users/roxan/OneDrive/Desktop/Rushdy-Part-2-master
-logFile
Logs/AssetImportWorker0.log
-srvPort
63566
Successfully changed project path to: C:/Users/roxan/OneDrive/Desktop/Rushdy-Part-2-master
C:/Users/roxan/OneDrive/Desktop/Rushdy-Part-2-master
Using Asset Import Pipeline V2.
Refreshing native plugins compatible for Editor in 117.96 ms, found 1 plugins.
Preloading 0 native plugins for Editor in 0.00 ms.
Initialize engine version: 2021.1.6f1 (c0fade0cc7e9)
[Subsystems] Discovering subsystems at path C:/Program Files/Unity/Hub/Editor/2021.1.6f1/Editor/Data/Resources/UnitySubsystems
[Subsystems] Discovering subsystems at path C:/Users/roxan/OneDrive/Desktop/Rushdy-Part-2-master/Assets
GfxDevice: creating device client; threaded=0; jobified=0
Direct3D:
    Version:  Direct3D 11.0 [level 11.1]
    Renderer: AMD Radeon(TM) Vega 8 Graphics (ID=0x15dd)
    Vendor:   ATI
    VRAM:     3867 MB
    Driver:   26.20.12036.1
Initialize mono
Mono path[0] = 'C:/Program Files/Unity/Hub/Editor/2021.1.6f1/Editor/Data/Managed'
Mono path[1] = 'C:/Program Files/Unity/Hub/Editor/2021.1.6f1/Editor/Data/MonoBleedingEdge/lib/mono/unityjit'
Mono config path = 'C:/Program Files/Unity/Hub/Editor/2021.1.6f1/Editor/Data/MonoBleedingEdge/etc'
Using monoOptions --debugger-agent=transport=dt_socket,embedding=1,server=y,suspend=n,address=127.0.0.1:56672
Begin MonoManager ReloadAssembly
Registering precompiled unity dll's ...
Register platform support module: C:/Program Files/Unity/Hub/Editor/2021.1.6f1/Editor/Data/PlaybackEngines/WindowsStandaloneSupport/UnityEditor.WindowsStandalone.Extensions.dll
Registered in 0.006215 seconds.
Native extension for WindowsStandalone target not found
Refreshing native plugins compatible for Editor in 174.11 ms, found 1 plugins.
Preloading 0 native plugins for Editor in 0.00 ms.
Mono: successfully reloaded assembly
- Completed reload, in  3.784 seconds
Platform modules already initialized, skipping
Registering precompiled user dll's ...
Registered in 0.011587 seconds.
Begin MonoManager ReloadAssembly
Native extension for WindowsStandalone target not found
Refreshing native plugins compatible for Editor in 0.90 ms, found 1 plugins.
Preloading 0 native plugins for Editor in 0.00 ms.
Mono: successfully reloaded assembly
- Completed reload, in  2.604 seconds
Platform modules already initialized, skipping
========================================================================
Worker process is ready to serve import requests
Launched and connected shader compiler UnityShaderCompiler.exe after 0.11 seconds
Refreshing native plugins compatible for Editor in 1.11 ms, found 1 plugins.
Preloading 0 native plugins for Editor in 0.00 ms.
Unloading 2671 Unused Serialized files (Serialized files now loaded: 0)
System memory in use before: 98.2 MB.
System memory in use after: 98.4 MB.

Unloading 14 unused Assets to reduce memory usage. Loaded Objects now: 3122.
Total: 3.197900 ms (FindLiveObjects: 0.424700 ms CreateObjectMapping: 0.179100 ms MarkObjects: 2.498700 ms  DeleteObjects: 0.093500 ms)

========================================================================
Received Import Request.
  path: Assets/Sprites/rushdy.png
  artifactKey: Guid(b8f4258bf21a53449814e2c1cfec89df) Importer(815301076,1909f56bfc062723c751e8b465ee728b)
Start importing Assets/Sprites/rushdy.png using Guid(b8f4258bf21a53449814e2c1cfec89df) Importer(815301076,1909f56bfc062723c751e8b465ee728b)  -> (artifact id: '098e9d33908c897ff877a09219adcd76') in 0.293681 seconds 
========================================================================
Received Import Request.
  Time since last request: 0.000462 seconds.
  path: Assets/Sprites/right.png
  artifactKey: Guid(3a3a882cb5c32244fb087122289c8f43) Importer(815301076,1909f56bfc062723c751e8b465ee728b)
Start importing Assets/Sprites/right.png using Guid(3a3a882cb5c32244fb087122289c8f43) Importer(815301076,1909f56bfc062723c751e8b465ee728b)  -> (artifact id: '46d4fe4fc25571e884ca3e1895d87783') in 0.035796 seconds 
========================================================================
Received Import Request.
  Time since last request: 0.000404 seconds.
  path: Assets/Sprites/chicken.png
  artifactKey: Guid(c436f5b98e7283f45ac986bcc7d1eee6) Importer(815301076,1909f56bfc062723c751e8b465ee728b)
Start importing Assets/Sprites/chicken.png using Guid(c436f5b98e7283f45ac986bcc7d1eee6) Importer(815301076,1909f56bfc062723c751e8b465ee728b)  -> (artifact id: '20113a947e35625418fe66562aad2e7a') in 0.033641 seconds 
========================================================================
Received Import Request.
  Time since last request: 0.000779 seconds.
  path: Assets/Sprites/stars.png
  artifactKey: Guid(8e04895aa99c9d04c90433e50cc46d49) Importer(815301076,1909f56bfc062723c751e8b465ee728b)
Start importing Assets/Sprites/stars.png using Guid(8e04895aa99c9d04c90433e50cc46d49) Importer(815301076,1909f56bfc062723c751e8b465ee728b)  -> (artifact id: '29a674c4aa127063c9cd6b113cafaad6') in 0.078426 seconds 
========================================================================
Received Import Request.
  Time since last request: 0.000372 seconds.
  path: Assets/Sprites/spikes.png
  artifactKey: Guid(508351964a18f3e44a075d6540014cb2) Importer(815301076,1909f56bfc062723c751e8b465ee728b)
Start importing Assets/Sprites/spikes.png using Guid(508351964a18f3e44a075d6540014cb2) Importer(815301076,1909f56bfc062723c751e8b465ee728b)  -> (artifact id: 'ad90f229efb6a4ef1949d18512f00c7a') in 0.029855 seconds 
========================================================================
Received Import Request.
  Time since last request: 0.000420 seconds.
  path: Assets/Sprites/ground.png
  artifactKey: Guid(790ef753bb660d84fbd7ca8f824de8ce) Importer(815301076,1909f56bfc062723c751e8b465ee728b)
Start importing Assets/Sprites/ground.png using Guid(790ef753bb660d84fbd7ca8f824de8ce) Importer(815301076,1909f56bfc062723c751e8b465ee728b)  -> (artifact id: '585a1a29eef1ea35222c536edad03b5e') in 0.030319 seconds 
========================================================================
Received Import Request.
  Time since last request: 18.808907 seconds.
  path: Assets/Sprites/baddy.png
  artifactKey: Guid(bfbe123a94c134a41a8f42cdfaa4b59a) Importer(815301076,1909f56bfc062723c751e8b465ee728b)
Start importing Assets/Sprites/baddy.png using Guid(bfbe123a94c134a41a8f42cdfaa4b59a) Importer(815301076,1909f56bfc062723c751e8b465ee728b)  -> (artifact id: '185f7e9b9b511970f56818aa2115ac6e') in 0.038898 seconds 
========================================================================
Received Import Request.
  Time since last request: 0.000602 seconds.
  path: Assets/Sprites/button.png
  artifactKey: Guid(f3ce8f42afeae4745a33d7cba0da9634) Importer(815301076,1909f56bfc062723c751e8b465ee728b)
Start importing Assets/Sprites/button.png using Guid(f3ce8f42afeae4745a33d7cba0da9634) Importer(815301076,1909f56bfc062723c751e8b465ee728b)  -> (artifact id: '0ec752d36c3a6cc2dd31b5f17fab7870') in 0.037009 seconds 
========================================================================
Received Import Request.
  Time since last request: 0.000358 seconds.
  path: Assets/Sprites/baddy2.png
  artifactKey: Guid(94de1c7b210174246a51757010f9b1b7) Importer(815301076,1909f56bfc062723c751e8b465ee728b)
Start importing Assets/Sprites/baddy2.png using Guid(94de1c7b210174246a51757010f9b1b7) Importer(815301076,1909f56bfc062723c751e8b465ee728b)  -> (artifact id: 'eeef630b74ca7b8cadd7b670432ec47b') in 0.031148 seconds 
========================================================================
Received Import Request.
  Time since last request: 0.000472 seconds.
  path: Assets/Sprites/fox.png
  artifactKey: Guid(232240171fbd6cb488cc1c48b24342db) Importer(815301076,1909f56bfc062723c751e8b465ee728b)
Start importing Assets/Sprites/fox.png using Guid(232240171fbd6cb488cc1c48b24342db) Importer(815301076,1909f56bfc062723c751e8b465ee728b)  -> (artifact id: 'a8a4e2e773cdcb16b5b9962142057308') in 0.033127 seconds 
========================================================================
Received Import Request.
  Time since last request: 109.530838 seconds.
  path: Assets/Audio
  artifactKey: Guid(b20c0ced4ce5bcb49aa6cd0cccdcf612) Importer(815301076,1909f56bfc062723c751e8b465ee728b)
Start importing Assets/Audio using Guid(b20c0ced4ce5bcb49aa6cd0cccdcf612) Importer(815301076,1909f56bfc062723c751e8b465ee728b)  -> (artifact id: '9c61f2f998d8a2112e3f6cb36ca3bd29') in 0.018341 seconds 
========================================================================
Received Prepare
Registering precompiled user dll's ...
Registered in 0.005179 seconds.
Begin MonoManager ReloadAssembly
Native extension for WindowsStandalone target not found
Refreshing native plugins compatible for Editor in 1.08 ms, found 1 plugins.
Preloading 0 native plugins for Editor in 0.00 ms.
Mono: successfully reloaded assembly
- Completed reload, in  2.486 seconds
Platform modules already initialized, skipping
Switching build target platform(19) subTarget(0) extendedPlatform(0) -> platform(13) subTarget(589824) extendedPlatform(0)
Refreshing native plugins compatible for Editor in 0.93 ms, found 1 plugins.
Preloading 0 native plugins for Editor in 0.00 ms.
Unloading 2678 Unused Serialized files (Serialized files now loaded: 0)
System memory in use before: 116.1 MB.
System memory in use after: 116.3 MB.

Unloading 9 unused Assets to reduce memory usage. Loaded Objects now: 3293.
Total: 5.718900 ms (FindLiveObjects: 0.727100 ms CreateObjectMapping: 0.534200 ms MarkObjects: 4.421700 ms  DeleteObjects: 0.032800 ms)

AssetImportParameters requested are different than current active one (requested -> active):
  custom:graphics/normal-map-encoding: 01000000000000000000000000000000 -> 02000000000000000000000000000000
========================================================================
Received Import Request.
  Time since last request: 11.525428 seconds.
  path: Assets/Prefabs
  artifactKey: Guid(cbb589114d61db9408e5638459cbb4de) Importer(815301076,1909f56bfc062723c751e8b465ee728b)
Start importing Assets/Prefabs using Guid(cbb589114d61db9408e5638459cbb4de) Importer(815301076,1909f56bfc062723c751e8b465ee728b)  -> (artifact id: '615aa587f9f76864f4f3f384f3b4a218') in 0.021362 seconds 
========================================================================
Received Import Request.
  Time since last request: 0.000396 seconds.
  path: Assets/Prefabs/baddy.prefab
  artifactKey: Guid(1b3c67f09c843e2488e5103efd2b8380) Importer(815301076,1909f56bfc062723c751e8b465ee728b)
Start importing Assets/Prefabs/baddy.prefab using Guid(1b3c67f09c843e2488e5103efd2b8380) Importer(815301076,1909f56bfc062723c751e8b465ee728b)  -> (artifact id: '1be1767a05029121fd16f3782fa43487') in 0.196896 seconds 
========================================================================
Received Import Request.
  Time since last request: 0.000502 seconds.
  path: Assets/Prefabs/ground.prefab
  artifactKey: Guid(e320305c52516bd43bc16fa9036f4073) Importer(815301076,1909f56bfc062723c751e8b465ee728b)
Start importing Assets/Prefabs/ground.prefab using Guid(e320305c52516bd43bc16fa9036f4073) Importer(815301076,1909f56bfc062723c751e8b465ee728b)  -> (artifact id: 'f312a91bcacc467fcbf9d8efce6383bf') in 0.023270 seconds 
========================================================================
Received Import Request.
  Time since last request: 0.000460 seconds.
  path: Assets/Prefabs/spikes.prefab
  artifactKey: Guid(a8fff6cc645dfb14fbf497cb7e052540) Importer(815301076,1909f56bfc062723c751e8b465ee728b)
Start importing Assets/Prefabs/spikes.prefab using Guid(a8fff6cc645dfb14fbf497cb7e052540) Importer(815301076,1909f56bfc062723c751e8b465ee728b)  -> (artifact id: '054834fe2e02a4b13dd43a40cf6562aa') in 0.042045 seconds 
========================================================================
Received Import Request.
  Time since last request: 0.000453 seconds.
  path: Assets/Prefabs/blood.prefab
  artifactKey: Guid(2067f716943883a44ba7c307d69cebc6) Importer(815301076,1909f56bfc062723c751e8b465ee728b)
Start importing Assets/Prefabs/blood.prefab using Guid(2067f716943883a44ba7c307d69cebc6) Importer(815301076,1909f56bfc062723c751e8b465ee728b)  -> (artifact id: 'bb2d4feb7f31a21bab12f871e8ece8e7') in 0.022852 seconds 
========================================================================
Received Prepare
Registering precompiled user dll's ...
Registered in 0.007578 seconds.
Begin MonoManager ReloadAssembly
Native extension for WindowsStandalone target not found
Refreshing native plugins compatible for Editor in 1.57 ms, found 1 plugins.
Preloading 0 native plugins for Editor in 0.00 ms.
Mono: successfully reloaded assembly
- Completed reload, in  2.548 seconds
Platform modules already initialized, skipping
Switching build target platform(19) subTarget(0) extendedPlatform(0) -> platform(13) subTarget(589824) extendedPlatform(0)
Refreshing native plugins compatible for Editor in 1.00 ms, found 1 plugins.
Preloading 0 native plugins for Editor in 0.00 ms.
Unloading 2668 Unused Serialized files (Serialized files now loaded: 0)
System memory in use before: 115.8 MB.
System memory in use after: 116.0 MB.

Unloading 9 unused Assets to reduce memory usage. Loaded Objects now: 3300.
Total: 5.879600 ms (FindLiveObjects: 0.450800 ms CreateObjectMapping: 0.162200 ms MarkObjects: 5.220800 ms  DeleteObjects: 0.043200 ms)

AssetImportParameters requested are different than current active one (requested -> active):
  custom:graphics/normal-map-encoding: 01000000000000000000000000000000 -> 02000000000000000000000000000000
========================================================================
Received Prepare
Registering precompiled user dll's ...
Registered in 0.005322 seconds.
Begin MonoManager ReloadAssembly
Native extension for WindowsStandalone target not found
Refreshing native plugins compatible for Editor in 0.76 ms, found 1 plugins.
Preloading 0 native plugins for Editor in 0.00 ms.
Mono: successfully reloaded assembly
- Completed reload, in  2.302 seconds
Platform modules already initialized, skipping
Switching build target platform(19) subTarget(0) extendedPlatform(0) -> platform(13) subTarget(589824) extendedPlatform(0)
Refreshing native plugins compatible for Editor in 0.80 ms, found 1 plugins.
Preloading 0 native plugins for Editor in 0.00 ms.
Unloading 2668 Unused Serialized files (Serialized files now loaded: 0)
System memory in use before: 115.8 MB.
System memory in use after: 116.0 MB.

Unloading 9 unused Assets to reduce memory usage. Loaded Objects now: 3303.
Total: 5.396100 ms (FindLiveObjects: 0.475400 ms CreateObjectMapping: 0.192100 ms MarkObjects: 4.689700 ms  DeleteObjects: 0.036100 ms)

AssetImportParameters requested are different than current active one (requested -> active):
  custom:graphics/normal-map-encoding: 01000000000000000000000000000000 -> 02000000000000000000000000000000
========================================================================
Received Prepare
Registering precompiled user dll's ...
Registered in 0.007675 seconds.
Begin MonoManager ReloadAssembly
Native extension for WindowsStandalone target not found
Refreshing native plugins compatible for Editor in 0.97 ms, found 1 plugins.
Preloading 0 native plugins for Editor in 0.00 ms.
Mono: successfully reloaded assembly
- Completed reload, in  2.713 seconds
Platform modules already initialized, skipping
Switching build target platform(19) subTarget(0) extendedPlatform(0) -> platform(13) subTarget(589824) extendedPlatform(0)
Refreshing native plugins compatible for Editor in 0.98 ms, found 1 plugins.
Preloading 0 native plugins for Editor in 0.00 ms.
Unloading 2668 Unused Serialized files (Serialized files now loaded: 0)
System memory in use before: 115.8 MB.
System memory in use after: 116.1 MB.

Unloading 9 unused Assets to reduce memory usage. Loaded Objects now: 3306.
Total: 5.887500 ms (FindLiveObjects: 0.538900 ms CreateObjectMapping: 0.255500 ms MarkObjects: 5.053300 ms  DeleteObjects: 0.036400 ms)

AssetImportParameters requested are different than current active one (requested -> active):
  custom:graphics/normal-map-encoding: 01000000000000000000000000000000 -> 02000000000000000000000000000000
AssetImportWorkerClient::OnTransportError - code=2 error=End of file
